Hello

Parameters
    source: dace
    alias:  Frostflow
    vols:   H2O
    nband:  48
    numin, numax, dnu : 1.0, 35000, 0.00 cm-1
 
Verifying domain of input data
    checking H2O
        numin, numax = 1.0, 35000.0 cm-1
    numin, numax set to 1.0, 35000.0 cm-1 

Mapping p,t points
    searching in '/home/n/nichollsh/SOCRATES/spectraltools/data/dace/H2O/'
    found 3360 files
    want 1440 files
    finding best temperatures
    finding best pressures
    mapping to files
     %: 10 20 30 40 50 60 70 80 90 100  
    1440 files mapped, totalling 24.192 GB
    done

Finding best bands (method=3)...
    band   1 : 1.01 - 43.72 cm-1     9900990.10 - 228728.27 nm
    band   2 : 43.72 - 86.44 cm-1     228728.27 - 115687.18 nm
    band   3 : 86.44 - 129.15 cm-1     115687.18 - 77429.35 nm
    band   4 : 129.15 - 171.86 cm-1     77429.35 - 58186.90 nm
    band   5 : 171.86 - 214.57 cm-1     58186.90 - 46604.84 nm
    band   6 : 214.57 - 257.29 cm-1     46604.84 - 38866.65 nm
    band   7 : 257.29 - 300.00 cm-1     38866.65 - 33333.33 nm
    band   8 : 300.00 - 336.93 cm-1     33333.33 - 29679.76 nm
    band   9 : 336.93 - 378.40 cm-1     29679.76 - 26427.06 nm
    band  10 : 378.40 - 424.97 cm-1     26427.06 - 23531.07 nm
    band  11 : 424.97 - 477.28 cm-1     23531.07 - 20952.06 nm
    band  12 : 477.28 - 536.03 cm-1     20952.06 - 18655.67 nm
    band  13 : 536.03 - 602.01 cm-1     18655.67 - 16611.02 nm
    band  14 : 602.01 - 676.11 cm-1     16611.02 - 14790.49 nm
    band  15 : 676.11 - 759.33 cm-1     14790.49 - 13169.50 nm
    band  16 : 759.33 - 852.79 cm-1     13169.50 - 11726.22 nm
    band  17 : 852.79 - 957.76 cm-1     11726.22 - 10441.03 nm
    band  18 : 957.76 - 1075.64 cm-1     10441.03 - 9296.79 nm
    band  19 : 1075.64 - 1208.04 cm-1     9296.79 - 8277.87 nm
    band  20 : 1208.04 - 1356.73 cm-1     8277.87 - 7370.66 nm
    band  21 : 1356.73 - 1523.73 cm-1     7370.66 - 6562.84 nm
    band  22 : 1523.73 - 1711.28 cm-1     6562.84 - 5843.58 nm
    band  23 : 1711.28 - 1921.92 cm-1     5843.58 - 5203.13 nm
    band  24 : 1921.92 - 2158.48 cm-1     5203.13 - 4632.89 nm
    band  25 : 2158.48 - 2424.16 cm-1     4632.89 - 4125.14 nm
    band  26 : 2424.16 - 2722.54 cm-1     4125.14 - 3673.04 nm
    band  27 : 2722.54 - 3057.65 cm-1     3673.04 - 3270.49 nm
    band  28 : 3057.65 - 3434.01 cm-1     3270.49 - 2912.05 nm
    band  29 : 3434.01 - 3856.69 cm-1     2912.05 - 2592.90 nm
    band  30 : 3856.69 - 4331.40 cm-1     2592.90 - 2308.72 nm
    band  31 : 4331.40 - 4864.53 cm-1     2308.72 - 2055.70 nm
    band  32 : 4864.53 - 5463.29 cm-1     2055.70 - 1830.40 nm
    band  33 : 5463.29 - 6135.75 cm-1     1830.40 - 1629.79 nm
    band  34 : 6135.75 - 6890.98 cm-1     1629.79 - 1451.17 nm
    band  35 : 6890.98 - 7739.17 cm-1     1451.17 - 1292.13 nm
    band  36 : 7739.17 - 8691.76 cm-1     1292.13 - 1150.51 nm
    band  37 : 8691.76 - 9761.61 cm-1     1150.51 - 1024.42 nm
    band  38 : 9761.61 - 10963.13 cm-1     1024.42 - 912.15 nm
    band  39 : 10963.13 - 12312.55 cm-1     912.15 - 812.18 nm
    band  40 : 12312.55 - 13828.06 cm-1     812.18 - 723.17 nm
    band  41 : 13828.06 - 15530.11 cm-1     723.17 - 643.91 nm
    band  42 : 15530.11 - 17441.66 cm-1     643.91 - 573.34 nm
    band  43 : 17441.66 - 19588.50 cm-1     573.34 - 510.50 nm
    band  44 : 19588.50 - 21999.59 cm-1     510.50 - 454.55 nm
    band  45 : 21999.59 - 24707.45 cm-1     454.55 - 404.74 nm
    band  46 : 24707.45 - 27748.61 cm-1     404.74 - 360.38 nm
    band  47 : 27748.61 - 31164.10 cm-1     360.38 - 320.88 nm
    band  48 : 31164.10 - 34999.99 cm-1     320.88 - 285.71 nm
    done

Creating skeleton spectral file 'Frostflow'
    number of bands: 48
    numin , numax: 1.01 , 34999.99 cm-1
    included volatiles (n=1): H2O
    number of p,t points: 1440
    unique p values [Pa]: 0.1 0.132 0.17 0.224 0.288 0.372 0.49 0.631 0.832 1.072 1.38 1.82 2.344 3.09 3.981 5.129 6.761 8.71 11.482 14.791 19.055 25.119 32.359 42.658 54.954 70.795 93.325 120.226 154.882 204.174 263.027 346.737 446.684 575.44 758.578 977.237 1288.25 1659.587 2137.962 2818.383 3630.781 4786.301 6165.95 7943.282 10471.285 13489.629 17782.794 22908.677 29512.092 38904.514 50118.723 66069.345 85113.804 107151.931 141253.754 181970.086 234422.882 309029.543 398107.171 524807.46 676082.975 870963.59 1148153.621 1479108.388 1949844.6 2511886.432 3235936.569 4265795.188 5495408.739 7244359.601 9332543.008 12022644.346 15848931.925 20417379.447 26915348.039 34673685.045 44668359.215 58884365.536 75857757.503 100000000.0
    unique t values [K] : 100.0 273.0 419.0 564.0 783.0 928.0 1074.0 1220.0 1438.0 1584.0 1729.0 1875.0 2093.0 2239.0 2385.0 2530.0 2749.0 2895.0
    number of continua: 1
    done writing to '/home/n/nichollsh/SOCRATES/spectraltools/output/Frostflow_skel.sf' 

Using pt->f map from H2O for H2O
Writing netCDF for 'H2O' from 'dace'...
    nu_min , nu_max = 1.00 , 35000.00 cm-1
    define dimensions
    define variables
    write p, t, nu
    write cross-section data
    point    0 of 1440  (  0.0%)
    point   72 of 1440  (  5.0%)
    point  144 of 1440  ( 10.0%)
    point  216 of 1440  ( 15.0%)
    point  288 of 1440  ( 20.0%)
    point  360 of 1440  ( 25.0%)
    point  432 of 1440  ( 30.0%)
    point  504 of 1440  ( 35.0%)
    point  576 of 1440  ( 40.0%)
    point  648 of 1440  ( 45.0%)
    point  720 of 1440  ( 50.0%)
    point  792 of 1440  ( 55.0%)
    point  864 of 1440  ( 60.0%)
    point  936 of 1440  ( 65.0%)
    point 1008 of 1440  ( 70.0%)
    point 1080 of 1440  ( 75.0%)
    point 1152 of 1440  ( 80.0%)
    point 1224 of 1440  ( 85.0%)
    point 1296 of 1440  ( 90.0%)
    point 1368 of 1440  ( 95.0%)
    point 1440 of 1440  (100.0%)
    done writing to '/home/n/nichollsh/SOCRATES/spectraltools/output/Frostflow_H2O.nc' 

Calculating k-coefficients for 'H2O' line absorption for 'Frostflow'...
    band limits: [1, 48]
    start
    please wait...
    done writing to '/home/n/nichollsh/SOCRATES/spectraltools/output/Frostflow_H2O_lbl.sf_k'

Calculating k-coefficients for 'H2O-H2O' CIA for 'Frostflow'...
    Using MT_CKD with band limits: [1, 43]
    start
    please wait...
    done writing to '/home/n/nichollsh/SOCRATES/spectraltools/output/Frostflow_H2O-H2O_cia.sf_k'

Calculating water droplet optical properties for 'Frostflow'...
    start
    please wait...
    done writing to '/home/n/nichollsh/SOCRATES/spectraltools/output/Frostflow_droplet.sct'

Assembling final spectral file for 'Frostflow'...
    line absorption: H2O 
    CIA: H2O-H2O 
    water droplets: yes
    aerosols: (none)
    ice: (none)
    start
    please wait...
    done writing to '/home/n/nichollsh/SOCRATES/spectraltools/output/Frostflow.sf' 

Goodbye
