[Info ] Hello
[Info ] Using configuration 'Hot and dry'
[Info ] Setting up
[Info ] Inserting stellar spectrum
[Info ] Python: Inserting rayleigh scattering 
[Info ] Setting initial T(p)
[Info ] Solver = newton
[Info ] Begin Newton-Raphson iterations
[Info ]     surf   = 3
[Info ]     tmp_int   = 0.00 K
[Info ]     Fint   = 0.00 W m-2
[Info ]     step  resid_med  resid_2nm  flux_OLR   xvals_med  xvals_max  |dx|_max   flags
[Info ]        1  +2.52e+02  4.328e+04  2.298e+04  +8.00e+02  +3.04e+03  3.000e+02  CdNr     
[Info ]        2  +4.46e+02  2.014e+05  2.211e+04  +8.02e+02  +3.04e+03  3.000e+02  FdNr     
[Info ]        3  +8.87e+02  1.349e+05  2.140e+04  +8.03e+02  +3.04e+03  3.000e+02  FdNrLs   
[Info ]        4  +6.51e+02  6.993e+04  2.077e+04  +8.07e+02  +3.02e+03  3.000e+02  FdNrLs   
[Info ]        5  +6.33e+02  3.902e+05  1.995e+04  +8.12e+02  +3.01e+03  3.000e+02  FdNrLs   
[Info ]        6  +1.37e+03  1.321e+06  1.779e+04  +8.29e+02  +2.97e+03  3.000e+02  FdNrLs   
[Info ]        7  +9.05e+02  8.731e+05  1.578e+04  +8.44e+02  +2.92e+03  3.000e+02  FdNrLs   
[Info ]        8  +7.04e+02  4.287e+05  1.159e+04  +8.82e+02  +2.80e+03  2.038e+02  FdNrLs   
[Info ]        9  +6.67e+02  3.896e+05  1.086e+04  +8.84e+02  +2.78e+03  2.583e+01  FdNrLs   
[Info ]       10  +1.44e+01  7.771e+04  9.314e+03  +8.91e+02  +2.73e+03  7.532e+01  FdNrLs   
[Info ]       11  +1.01e+01  9.145e+04  9.228e+03  +8.92e+02  +2.73e+03  1.391e+01  FdNrLs   
[Info ]       12  +5.34e+00  8.957e+04  9.125e+03  +8.92e+02  +2.72e+03  1.880e+01  FdNrLs   
[Info ]       13  +1.25e-01  5.898e+04  9.018e+03  +8.92e+02  +2.72e+03  2.480e+01  FdNrLs   
[Info ]       14  +6.89e-03  2.739e+04  9.009e+03  +8.92e+02  +2.72e+03  3.888e+00  FdNrLs   
[Info ]       15  +1.70e-03  1.379e+04  9.008e+03  +8.92e+02  +2.72e+03  8.514e-01  FdNrLs   
[Info ]       16  +7.57e-05  7.976e+03  9.008e+03  +8.92e+02  +2.72e+03  3.057e-01  FdNrLs   
[Info ]       17  +5.08e-06  5.220e+03  9.008e+03  +8.92e+02  +2.71e+03  1.757e-01  FdNrLs   
[Info ]       18  +2.09e-06  3.559e+03  9.008e+03  +8.92e+02  +2.71e+03  1.207e-01  FdNrLs   
[Info ]       19  +1.17e-06  2.524e+03  9.008e+03  +8.92e+02  +2.71e+03  8.890e-02  FdNrLs   
[Info ]       20  +8.51e-07  1.900e+03  9.008e+03  +8.92e+02  +2.71e+03  6.917e-02  FdNrLs   
[Info ]       21  +4.81e-07  1.644e+03  9.008e+03  +8.92e+02  +2.71e+03  5.840e-02  FdNrLs   
[Info ]       22  +4.33e-07  1.587e+03  9.008e+03  +8.92e+02  +2.71e+03  6.127e-02  FdNrLs   
[Info ]       23  +2.70e-07  1.564e+03  9.008e+03  +8.92e+02  +2.71e+03  7.847e-02  FdNrLs   
[Info ]       24  -5.68e-07  1.554e+03  9.008e+03  +8.92e+02  +2.71e+03  1.230e-01  FdNrLs   
[Info ]       25  -2.31e-05  1.551e+03  9.008e+03  +8.92e+02  +2.71e+03  4.794e-01  FdNrLs   
[Info ]       26  -2.53e-01  8.136e+02  9.008e+03  +8.93e+02  +2.53e+03  1.845e+02  FdNrLs   
[Info ]       27  +3.61e+00  8.114e+02  9.013e+03  +8.92e+02  +2.50e+03  5.100e+01  FdNrLs   
[Info ]       28  +3.65e+00  8.097e+02  9.012e+03  +8.92e+02  +2.49e+03  1.251e+01  FdNrLs   
[Info ]       29  +2.88e+00  8.149e+02  9.011e+03  +8.92e+02  +2.48e+03  9.370e+00  FdNrLs   
[Info ]       30  +2.25e+00  8.210e+02  9.011e+03  +8.92e+02  +2.48e+03  6.740e+00  FdNrLs   
[Info ]       31  +1.74e+00  8.270e+02  9.010e+03  +8.92e+02  +2.47e+03  5.685e+00  FdNrLs   
[Info ]       32  +1.36e+00  8.301e+02  9.010e+03  +8.92e+02  +2.47e+03  3.037e+00  FdNrLs   
[Info ]       33  +1.03e+00  9.199e+02  9.009e+03  +8.92e+02  +2.47e+03  2.126e+00  FdNrLs   
[Info ]       34  +7.77e-01  3.133e+03  9.009e+03  +8.92e+02  +2.46e+03  1.546e+00  FdNrLs   
[Info ]       35  +5.84e-01  8.275e+06  9.009e+03  +8.92e+02  +2.46e+03  2.752e+01  FdNrLs   
[Info ]       36  -1.81e-01  1.553e+06  9.008e+03  +8.92e+02  +2.32e+03  1.439e+02  FdNrLs   
[Info ]       37  +1.18e-04  4.038e+05  9.008e+03  +8.92e+02  +2.27e+03  5.317e+01  FdNrLs   
[Info ]       38  +5.33e-03  1.075e+05  9.008e+03  +8.92e+02  +2.26e+03  1.712e+01  FdNrLs   
[Info ]       39  +5.34e-04  2.313e+04  9.008e+03  +8.92e+02  +2.26e+03  7.167e+00  FdNrLs   
[Info ]       40  -2.04e-05  7.595e+03  9.008e+03  +8.92e+02  +2.26e+03  5.470e-01  FdNrLs   
[Info ]       41  +1.34e-05  2.979e+03  9.008e+03  +8.92e+02  +2.26e+03  2.401e-01  FdNrLs   
[Info ]       42  +6.32e-06  1.511e+03  9.008e+03  +8.92e+02  +2.26e+03  7.406e-02  FdNrLs   
[Info ]       43  +2.26e-06  8.829e+02  9.008e+03  +8.92e+02  +2.26e+03  4.169e-02  FdNrLs   
[Info ]       44  +1.36e-06  5.772e+02  9.008e+03  +8.92e+02  +2.26e+03  2.532e-02  FdNrLs   
[Info ]       45  +8.29e-07  4.181e+02  9.008e+03  +8.92e+02  +2.26e+03  1.709e-02  FdNrLs   
[Info ]       46  +6.51e-07  3.375e+02  9.008e+03  +8.92e+02  +2.26e+03  1.277e-02  FdNrLs   
[Info ]       47  +4.08e-07  3.201e+02  9.008e+03  +8.92e+02  +2.26e+03  1.061e-02  FdNrLs   
[Info ]       48  +3.02e-07  3.201e+02  9.008e+03  +8.92e+02  +2.26e+03  1.037e-02  FdNrLs   
[Info ]       49  +3.15e-07  3.200e+02  9.008e+03  +8.92e+02  +2.26e+03  1.082e-02  FdNrLs   
[Info ]       50  +3.25e-07  3.200e+02  9.008e+03  +8.92e+02  +2.26e+03  1.139e-02  FdNrLs   
[Info ]       51  +4.30e-07  3.200e+02  9.008e+03  +8.92e+02  +2.26e+03  1.205e-02  FdNrLs   
[Info ]       52  +4.57e-07  3.200e+02  9.008e+03  +8.92e+02  +2.26e+03  1.281e-02  FdNrLs   
[Info ]       53  +5.09e-07  3.199e+02  9.008e+03  +8.92e+02  +2.26e+03  1.369e-02  FdNrLs   
[Info ]       54  +5.55e-07  3.199e+02  9.008e+03  +8.92e+02  +2.26e+03  1.478e-02  FdNrLs   
[Info ]       55  +5.20e-07  3.199e+02  9.008e+03  +8.92e+02  +2.26e+03  1.614e-02  FdNrLs   
[Info ]       56  +5.77e-07  3.199e+02  9.008e+03  +8.92e+02  +2.26e+03  1.787e-02  FdNrLs   
[Info ]       57  +6.78e-07  3.198e+02  9.008e+03  +8.92e+02  +2.26e+03  2.019e-02  FdNrLs   
[Info ]       58  +6.62e-07  3.198e+02  9.008e+03  +8.92e+02  +2.26e+03  2.348e-02  FdNrLs   
[Info ]       59  +8.49e-07  3.197e+02  9.008e+03  +8.92e+02  +2.26e+03  2.860e-02  FdNrLs   
[Info ]       60  +7.08e-07  3.196e+02  9.008e+03  +8.92e+02  +2.26e+03  3.791e-02  FdNrLs   
[Info ]       61  +4.81e-07  3.195e+02  9.008e+03  +8.92e+02  +2.26e+03  6.140e-02  FdNrLs   
[Info ]       62  -7.09e-06  3.190e+02  9.008e+03  +8.92e+02  +2.26e+03  2.637e-01  FdNrLs   
[Info ]       63  -4.65e-01  1.328e+02  9.008e+03  +8.92e+02  +2.10e+03  1.667e+02  FdNrLs   
[Info ]       64  +4.69e+00  7.259e+01  9.015e+03  +8.92e+02  +2.07e+03  2.746e+01  FdNrLs   
[Info ]       65  +5.46e+00  8.569e+01  9.014e+03  +8.92e+02  +2.05e+03  2.384e+01  FdNrLs   
[Info ]       66  +4.65e+00  1.230e+02  9.013e+03  +8.92e+02  +2.03e+03  1.812e+01  FdNrLs   
[Info ]       67  +3.91e+00  1.520e+02  9.012e+03  +8.92e+02  +2.02e+03  1.315e+01  FdNrLs   
[Info ]       68  +3.23e+00  1.666e+02  9.012e+03  +8.92e+02  +2.00e+03  1.114e+01  FdNrLs   
[Info ]       69  +2.64e+00  1.713e+02  9.011e+03  +8.91e+02  +2.00e+03  8.427e+00  FdNrLs   
[Info ]       70  -6.18e-03  1.634e+02  9.008e+03  +8.91e+02  +1.98e+03  2.065e+01  FdNrLs   
[Info ]       71  +9.68e-05  9.644e+01  9.008e+03  +8.91e+02  +1.97e+03  1.442e+00  FdNrLs   
[Info ]       72  +1.02e-05  3.542e+01  9.008e+03  +8.91e+02  +1.97e+03  6.368e-02  FdNrLs   
[Info ]       73  +7.26e-07  9.224e+00  9.008e+03  +8.91e+02  +1.97e+03  1.588e-02  FdNrLs   
[Info ]       74  +1.41e-07  1.845e+00  9.008e+03  +8.91e+02  +1.97e+03  3.648e-03  FdNrLs   
[Info ]       75  +5.80e-09  3.053e-01  9.008e+03  +8.91e+02  +1.97e+03  6.718e-04  FdNrLs   
[Info ]       76  -3.81e-08  4.460e-02  9.008e+03  +8.91e+02  +1.97e+03  1.055e-04  FdNrLs   
[Info ]       77  +7.32e-09  6.112e-03  9.008e+03  +8.91e+02  +1.97e+03  1.501e-05  FdNrLs   
[Info ]       78  -7.48e-09  8.297e-04  9.008e+03  +8.91e+02  +1.97e+03  2.050e-06  FdNrLs   
[Info ]     success
[Info ] 
[Info ]     summary
[Info ]     outgoing LW flux   = +9.01e+03 W m-2     
[Info ]     total flux at TOA  = +1.30e-07 W m-2     
[Info ]     total flux at BOA  = -8.93e-09 W m-2     
[Info ]     column max. loss   = +8.27e-04 W m-2  (+1.00e+02 %) 
[Info ]     final cost value   = +8.30e-04 W m-2     
[Info ] 
[Info ] Total RT evalulations: 8440
[Info ] Making plots
[Info ] Deallocating arrays
[Info ] Runtime: 123.72 seconds
[Info ] Goodbye
