AGNI CLI
Command line arguments:
    'rscatter': true
    'psurf': 400.0
    'noadjust': false
    'output': out
    'nlevels': 100
    'once': false
    'cstsurf': false
    'animate': true
    'spf_keep': false
    'verbose': true
    'stf': res/stellar_spectra/trappist-1.txt
    'mr_dict': CO=0.9,H2O=0.05,N2=0.05
    'toa_heating': 10000.0
    'spf': Mallard
    'gravity': 10.0
    'trppt': 10.0
    'plot': true
    'ptop': 1.0e-6
    'tstar': 400.0

Atmosphere: setting up
Python: inserting stellar spectrum
Python: Rebinning stellar spectrum
Python: inserting rayleigh scattering
Atmosphere: Supersaturated surface - setting partial pressure to saturation pressure
RCSolver: begin
    convergence criteria
    dtmp_comp   < 5.000 K
    dtmp/tmp/dt < 0.100 K day-1
    F_chng^loss < 0.500 %

    step 1 (fast)
    dt_max,med  = 10.00000, 10.00000 days
    count_adj   = 0 layers
    dtmp_comp   = Inf K
    dtmp/tmp/dt = Inf day-1
    F_rad^OLR   = 5.67e+00 W m-2
    F_rad^TOA   = -1.73e+02 W m-2
    F_rad^BOA   = 1.11e-03 W m-2
    F_rad^loss  = 172.97 W m-2
    F_chng^loss = 100.0000 %

    step 2 (fast)
    dt_max,med  = 10.50000, 10.50000 days
    count_adj   = 0 layers
    dtmp_comp   = Inf K
    dtmp/tmp/dt = 0.091 day-1
    F_rad^OLR   = 1.10e+01 W m-2
    F_rad^TOA   = -1.67e+02 W m-2
    F_rad^BOA   = 4.79e+01 W m-2
    F_rad^loss  = 215.34 W m-2
    F_chng^loss = 24.4993 %

    step 3 (fast)
    dt_max,med  = 11.02500, 11.02500 days
    count_adj   = 0 layers
    dtmp_comp   = Inf K
    dtmp/tmp/dt = 0.064 day-1
    F_rad^OLR   = 1.09e+02 W m-2
    F_rad^TOA   = -6.97e+01 W m-2
    F_rad^BOA   = -4.75e+01 W m-2
    F_rad^loss  = 22.17 W m-2
    F_chng^loss = 89.7058 %

    step 4 (fast)
    dt_max,med  = 11.57625, 11.57625 days
    count_adj   = 0 layers
    dtmp_comp   = 204.509 K
    dtmp/tmp/dt = 0.085 day-1
    F_rad^OLR   = 1.21e+02 W m-2
    F_rad^TOA   = -5.77e+01 W m-2
    F_rad^BOA   = 1.17e+02 W m-2
    F_rad^loss  = 174.81 W m-2
    F_chng^loss = 688.5779 %

    step 5 (fast)
    dt_max,med  = 12.15506, 12.15506 days
    count_adj   = 0 layers
    dtmp_comp   = 110.518 K
    dtmp/tmp/dt = 0.065 day-1
    F_rad^OLR   = 1.10e+02 W m-2
    F_rad^TOA   = -6.90e+01 W m-2
    F_rad^BOA   = -2.38e+02 W m-2
    F_rad^loss  = 169.07 W m-2
    F_chng^loss = 3.2844 %

    step 6 (fast)
    dt_max,med  = 12.76282, 12.76282 days
    count_adj   = 0 layers
    dtmp_comp   = 74.159 K
    dtmp/tmp/dt = 0.063 day-1
    F_rad^OLR   = 1.50e+02 W m-2
    F_rad^TOA   = -2.87e+01 W m-2
    F_rad^BOA   = 4.40e+02 W m-2
    F_rad^loss  = 468.43 W m-2
    F_chng^loss = 177.0636 %

    step 7 (fast)
    dt_max,med  = 13.40096, 13.40096 days
    count_adj   = 0 layers
    dtmp_comp   = 128.886 K
    dtmp/tmp/dt = 0.055 day-1
    F_rad^OLR   = 1.47e+02 W m-2
    F_rad^TOA   = -3.15e+01 W m-2
    F_rad^BOA   = -2.39e+02 W m-2
    F_rad^loss  = 207.70 W m-2
    F_chng^loss = 55.6614 %

    step 8 (fast)
    dt_max,med  = 14.07100, 14.07100 days
    count_adj   = 0 layers
    dtmp_comp   = 45.460 K
    dtmp/tmp/dt = 0.041 day-1
    F_rad^OLR   = 1.60e+02 W m-2
    F_rad^TOA   = -1.93e+01 W m-2
    F_rad^BOA   = 3.70e+02 W m-2
    F_rad^loss  = 389.45 W m-2
    F_chng^loss = 87.5120 %

    step 9 (fast)
    dt_max,med  = 14.77455, 14.77455 days
    count_adj   = 0 layers
    dtmp_comp   = 53.187 K
    dtmp/tmp/dt = 0.048 day-1
    F_rad^OLR   = 1.41e+02 W m-2
    F_rad^TOA   = -3.78e+01 W m-2
    F_rad^BOA   = -3.42e+02 W m-2
    F_rad^loss  = 303.79 W m-2
    F_chng^loss = 21.9952 %

    step 10 (fast)
    dt_max,med  = 15.51328, 15.51328 days
    count_adj   = 21 layers
    dtmp_comp   = 33.390 K
    dtmp/tmp/dt = 0.028 day-1
    F_rad^OLR   = 1.64e+02 W m-2
    F_rad^TOA   = -1.52e+01 W m-2
    F_rad^BOA   = 3.70e+02 W m-2
    F_rad^loss  = 385.38 W m-2
    F_chng^loss = 26.8576 %

    step 11
    dt_max,med  = 10.00000, 10.00000 days
    count_adj   = 0 layers
    dtmp_comp   = 38.893 K
    dtmp/tmp/dt = 201.751 day-1
    F_rad^OLR   = 1.52e+02 W m-2
    F_rad^TOA   = -2.67e+01 W m-2
    F_rad^BOA   = 1.53e+02 W m-2
    F_rad^loss  = 179.46 W m-2
    F_chng^loss = 53.4335 %

    step 12
    dt_max,med  = 10.00000, 10.00000 days
    count_adj   = 8 layers
    dtmp_comp   = 16.839 K
    dtmp/tmp/dt = 5.669 day-1
    F_rad^OLR   = 1.47e+02 W m-2
    F_rad^TOA   = -3.19e+01 W m-2
    F_rad^BOA   = 8.55e+01 W m-2
    F_rad^loss  = 117.45 W m-2
    F_chng^loss = 34.5520 %

    step 13
    dt_max,med  = 10.00000, 1.74503 days
    count_adj   = 10 layers
    dtmp_comp   = 48.759 K
    dtmp/tmp/dt = 2.793 day-1
    F_rad^OLR   = 1.48e+02 W m-2
    F_rad^TOA   = -3.12e+01 W m-2
    F_rad^BOA   = 1.52e+01 W m-2
    F_rad^loss  = 46.38 W m-2
    F_chng^loss = 60.5114 %

    step 14
    dt_max,med  = 10.00000, 1.12486 days
    count_adj   = 11 layers
    dtmp_comp   = 21.207 K
    dtmp/tmp/dt = 2.683 day-1
    F_rad^OLR   = 1.45e+02 W m-2
    F_rad^TOA   = -3.35e+01 W m-2
    F_rad^BOA   = -5.97e+01 W m-2
    F_rad^loss  = 26.25 W m-2
    F_chng^loss = 43.3993 %

    step 15
    dt_max,med  = 10.00000, 0.61437 days
    count_adj   = 11 layers
    dtmp_comp   = 21.548 K
    dtmp/tmp/dt = 2.377 day-1
    F_rad^OLR   = 1.46e+02 W m-2
    F_rad^TOA   = -3.30e+01 W m-2
    F_rad^BOA   = -2.09e+01 W m-2
    F_rad^loss  = 12.13 W m-2
    F_chng^loss = 53.7906 %

    step 16
    dt_max,med  = 10.00000, 0.19629 days
    count_adj   = 10 layers
    dtmp_comp   = 16.783 K
    dtmp/tmp/dt = 1.932 day-1
    F_rad^OLR   = 1.46e+02 W m-2
    F_rad^TOA   = -3.26e+01 W m-2
    F_rad^BOA   = -1.01e+01 W m-2
    F_rad^loss  = 22.46 W m-2
    F_chng^loss = 85.1642 %

    step 17
    dt_max,med  = 10.00000, 0.20414 days
    count_adj   = 10 layers
    dtmp_comp   = 14.722 K
    dtmp/tmp/dt = 1.801 day-1
    F_rad^OLR   = 1.47e+02 W m-2
    F_rad^TOA   = -3.23e+01 W m-2
    F_rad^BOA   = -5.99e+00 W m-2
    F_rad^loss  = 26.28 W m-2
    F_chng^loss = 16.9978 %

    step 18
    dt_max,med  = 10.00000, 0.17195 days
    count_adj   = 9 layers
    dtmp_comp   = 15.594 K
    dtmp/tmp/dt = 1.568 day-1
    F_rad^OLR   = 1.47e+02 W m-2
    F_rad^TOA   = -3.20e+01 W m-2
    F_rad^BOA   = -3.84e+00 W m-2
    F_rad^loss  = 28.20 W m-2
    F_chng^loss = 7.3030 %

    step 19
    dt_max,med  = 10.00000, 0.13686 days
    count_adj   = 8 layers
    dtmp_comp   = 15.935 K
    dtmp/tmp/dt = 1.394 day-1
    F_rad^OLR   = 1.47e+02 W m-2
    F_rad^TOA   = -3.18e+01 W m-2
    F_rad^BOA   = -2.55e+00 W m-2
    F_rad^loss  = 29.27 W m-2
    F_chng^loss = 3.8154 %

    step 20
    dt_max,med  = 10.00000, 0.14233 days
    count_adj   = 9 layers
    dtmp_comp   = 15.469 K
    dtmp/tmp/dt = 1.267 day-1
    F_rad^OLR   = 1.47e+02 W m-2
    F_rad^TOA   = -3.16e+01 W m-2
    F_rad^BOA   = -1.68e+00 W m-2
    F_rad^loss  = 29.93 W m-2
    F_chng^loss = 2.2274 %

    step 21
    dt_max,med  = 10.00000, 0.14233 days
    count_adj   = 4 layers
    dtmp_comp   = 14.293 K
    dtmp/tmp/dt = 1.159 day-1
    F_rad^OLR   = 1.47e+02 W m-2
    F_rad^TOA   = -3.14e+01 W m-2
    F_rad^BOA   = -1.04e+00 W m-2
    F_rad^loss  = 30.36 W m-2
    F_chng^loss = 1.4339 %

    step 22
    dt_max,med  = 10.00000, 0.14802 days
    count_adj   = 2 layers
    dtmp_comp   = 12.999 K
    dtmp/tmp/dt = 1.065 day-1
    F_rad^OLR   = 1.48e+02 W m-2
    F_rad^TOA   = -3.12e+01 W m-2
    F_rad^BOA   = -5.21e-01 W m-2
    F_rad^loss  = 30.66 W m-2
    F_chng^loss = 0.9922 %

    step 23
    dt_max,med  = 10.00000, 0.15395 days
    count_adj   = 2 layers
    dtmp_comp   = 11.715 K
    dtmp/tmp/dt = 0.983 day-1
    F_rad^OLR   = 1.48e+02 W m-2
    F_rad^TOA   = -3.10e+01 W m-2
    F_rad^BOA   = -8.42e-02 W m-2
    F_rad^loss  = 30.88 W m-2
    F_chng^loss = 0.7198 %

    step 24
    dt_max,med  = 10.00000, 0.16010 days
    count_adj   = 2 layers
    dtmp_comp   = 11.805 K
    dtmp/tmp/dt = 0.909 day-1
    F_rad^OLR   = 1.48e+02 W m-2
    F_rad^TOA   = -3.07e+01 W m-2
    F_rad^BOA   = 3.06e-01 W m-2
    F_rad^loss  = 31.05 W m-2
    F_chng^loss = 0.5523 %

    step 25
    dt_max,med  = 10.00000, 0.16651 days
    count_adj   = 2 layers
    dtmp_comp   = 11.796 K
    dtmp/tmp/dt = 0.842 day-1
    F_rad^OLR   = 1.48e+02 W m-2
    F_rad^TOA   = -3.05e+01 W m-2
    F_rad^BOA   = 9.16e-01 W m-2
    F_rad^loss  = 31.44 W m-2
    F_chng^loss = 1.2606 %

    step 26
    dt_max,med  = 10.00000, 0.17317 days
    count_adj   = 3 layers
    dtmp_comp   = 11.566 K
    dtmp/tmp/dt = 0.781 day-1
    F_rad^OLR   = 1.49e+02 W m-2
    F_rad^TOA   = -3.03e+01 W m-2
    F_rad^BOA   = 1.73e+00 W m-2
    F_rad^loss  = 32.03 W m-2
    F_chng^loss = 1.8863 %

    step 27
    dt_max,med  = 10.00000, 0.18009 days
    count_adj   = 3 layers
    dtmp_comp   = 11.183 K
    dtmp/tmp/dt = 0.727 day-1
    F_rad^OLR   = 1.49e+02 W m-2
    F_rad^TOA   = -3.01e+01 W m-2
    F_rad^BOA   = 2.65e+00 W m-2
    F_rad^loss  = 32.75 W m-2
    F_chng^loss = 2.2284 %

    step 28
    dt_max,med  = 10.00000, 0.18730 days
    count_adj   = 4 layers
    dtmp_comp   = 10.749 K
    dtmp/tmp/dt = 0.677 day-1
    F_rad^OLR   = 1.49e+02 W m-2
    F_rad^TOA   = -2.99e+01 W m-2
    F_rad^BOA   = 3.65e+00 W m-2
    F_rad^loss  = 33.53 W m-2
    F_chng^loss = 2.3845 %

    step 29
    dt_max,med  = 10.00000, 0.19479 days
    count_adj   = 4 layers
    dtmp_comp   = 10.288 K
    dtmp/tmp/dt = 0.631 day-1
    F_rad^OLR   = 1.49e+02 W m-2
    F_rad^TOA   = -2.97e+01 W m-2
    F_rad^BOA   = 4.67e+00 W m-2
    F_rad^loss  = 34.34 W m-2
    F_chng^loss = 2.4156 %

    step 30
    dt_max,med  = 10.00000, 0.20258 days
    count_adj   = 4 layers
    dtmp_comp   = 9.828 K
    dtmp/tmp/dt = 0.592 day-1
    F_rad^OLR   = 1.49e+02 W m-2
    F_rad^TOA   = -2.95e+01 W m-2
    F_rad^BOA   = 5.68e+00 W m-2
    F_rad^loss  = 35.15 W m-2
    F_chng^loss = 2.3668 %

    step 31
    dt_max,med  = 10.00000, 0.21068 days
    count_adj   = 4 layers
    dtmp_comp   = 9.370 K
    dtmp/tmp/dt = 0.560 day-1
    F_rad^OLR   = 1.50e+02 W m-2
    F_rad^TOA   = -2.93e+01 W m-2
    F_rad^BOA   = 6.68e+00 W m-2
    F_rad^loss  = 35.95 W m-2
    F_chng^loss = 2.2635 %

    step 32
    dt_max,med  = 10.00000, 0.21911 days
    count_adj   = 4 layers
    dtmp_comp   = 8.909 K
    dtmp/tmp/dt = 0.527 day-1
    F_rad^OLR   = 1.50e+02 W m-2
    F_rad^TOA   = -2.91e+01 W m-2
    F_rad^BOA   = 7.65e+00 W m-2
    F_rad^loss  = 36.71 W m-2
    F_chng^loss = 2.1328 %

    step 33
    dt_max,med  = 10.00000, 0.22788 days
    count_adj   = 5 layers
    dtmp_comp   = 8.456 K
    dtmp/tmp/dt = 0.497 day-1
    F_rad^OLR   = 1.50e+02 W m-2
    F_rad^TOA   = -2.89e+01 W m-2
    F_rad^BOA   = 8.58e+00 W m-2
    F_rad^loss  = 37.44 W m-2
    F_chng^loss = 1.9716 %

    step 34
    dt_max,med  = 10.00000, 0.23699 days
    count_adj   = 5 layers
    dtmp_comp   = 8.004 K
    dtmp/tmp/dt = 0.470 day-1
    F_rad^OLR   = 1.50e+02 W m-2
    F_rad^TOA   = -2.87e+01 W m-2
    F_rad^BOA   = 9.45e+00 W m-2
    F_rad^loss  = 38.11 W m-2
    F_chng^loss = 1.8112 %

    step 35
    dt_max,med  = 10.00000, 0.24647 days
    count_adj   = 5 layers
    dtmp_comp   = 7.820 K
    dtmp/tmp/dt = 0.444 day-1
    F_rad^OLR   = 1.50e+02 W m-2
    F_rad^TOA   = -2.85e+01 W m-2
    F_rad^BOA   = 1.03e+01 W m-2
    F_rad^loss  = 38.74 W m-2
    F_chng^loss = 1.6306 %

    step 36
    dt_max,med  = 10.00000, 0.25633 days
    count_adj   = 6 layers
    dtmp_comp   = 7.842 K
    dtmp/tmp/dt = 0.422 day-1
    F_rad^OLR   = 1.51e+02 W m-2
    F_rad^TOA   = -2.83e+01 W m-2
    F_rad^BOA   = 1.10e+01 W m-2
    F_rad^loss  = 39.30 W m-2
    F_chng^loss = 1.4619 %

    step 37
    dt_max,med  = 10.00000, 0.26658 days
    count_adj   = 6 layers
    dtmp_comp   = 7.781 K
    dtmp/tmp/dt = 0.405 day-1
    F_rad^OLR   = 1.51e+02 W m-2
    F_rad^TOA   = -2.80e+01 W m-2
    F_rad^BOA   = 1.17e+01 W m-2
    F_rad^loss  = 39.80 W m-2
    F_chng^loss = 1.2629 %

    step 38
    dt_max,med  = 10.00000, 0.27725 days
    count_adj   = 6 layers
    dtmp_comp   = 7.670 K
    dtmp/tmp/dt = 0.388 day-1
    F_rad^OLR   = 1.51e+02 W m-2
    F_rad^TOA   = -2.79e+01 W m-2
    F_rad^BOA   = 1.24e+01 W m-2
    F_rad^loss  = 40.25 W m-2
    F_chng^loss = 1.1453 %

    step 39
    dt_max,med  = 10.00000, 0.28834 days
    count_adj   = 5 layers
    dtmp_comp   = 7.565 K
    dtmp/tmp/dt = 0.371 day-1
    F_rad^OLR   = 1.51e+02 W m-2
    F_rad^TOA   = -2.76e+01 W m-2
    F_rad^BOA   = 1.30e+01 W m-2
    F_rad^loss  = 40.61 W m-2
    F_chng^loss = 0.8828 %

    step 40
    dt_max,med  = 10.00000, 0.29410 days
    count_adj   = 6 layers
    dtmp_comp   = 7.474 K
    dtmp/tmp/dt = 0.354 day-1
    F_rad^OLR   = 1.51e+02 W m-2
    F_rad^TOA   = -2.74e+01 W m-2
    F_rad^BOA   = 1.35e+01 W m-2
    F_rad^loss  = 40.95 W m-2
    F_chng^loss = 0.8311 %

    step 41
    dt_max,med  = 10.00000, 0.29987 days
    count_adj   = 6 layers
    dtmp_comp   = 7.345 K
    dtmp/tmp/dt = 0.338 day-1
    F_rad^OLR   = 1.52e+02 W m-2
    F_rad^TOA   = -2.72e+01 W m-2
    F_rad^BOA   = 1.40e+01 W m-2
    F_rad^loss  = 41.20 W m-2
    F_chng^loss = 0.6099 %

    step 42
    dt_max,med  = 10.00000, 0.31187 days
    count_adj   = 7 layers
    dtmp_comp   = 7.175 K
    dtmp/tmp/dt = 0.322 day-1
    F_rad^OLR   = 1.52e+02 W m-2
    F_rad^TOA   = -2.70e+01 W m-2
    F_rad^BOA   = 1.44e+01 W m-2
    F_rad^loss  = 41.40 W m-2
    F_chng^loss = 0.5047 %

    step 43
    dt_max,med  = 10.00000, 0.29987 days
    count_adj   = 7 layers
    dtmp_comp   = 7.002 K
    dtmp/tmp/dt = 0.493 day-1
    F_rad^OLR   = 1.52e+02 W m-2
    F_rad^TOA   = -2.68e+01 W m-2
    F_rad^BOA   = 1.48e+01 W m-2
    F_rad^loss  = 41.61 W m-2
    F_chng^loss = 0.5066 %

    step 44
    dt_max,med  = 10.00000, 0.31187 days
    count_adj   = 8 layers
    dtmp_comp   = 6.812 K
    dtmp/tmp/dt = 0.291 day-1
    F_rad^OLR   = 1.52e+02 W m-2
    F_rad^TOA   = -2.66e+01 W m-2
    F_rad^BOA   = 1.51e+01 W m-2
    F_rad^loss  = 41.72 W m-2
    F_chng^loss = 0.2566 %

    step 45
    dt_max,med  = 10.00000, 0.31810 days
    count_adj   = 8 layers
    dtmp_comp   = 6.583 K
    dtmp/tmp/dt = 0.274 day-1
    F_rad^OLR   = 1.52e+02 W m-2
    F_rad^TOA   = -2.65e+01 W m-2
    F_rad^BOA   = 1.53e+01 W m-2
    F_rad^loss  = 41.83 W m-2
    F_chng^loss = 0.2670 %

    step 46
    dt_max,med  = 10.00000, 0.32434 days
    count_adj   = 8 layers
    dtmp_comp   = 6.354 K
    dtmp/tmp/dt = 0.256 day-1
    F_rad^OLR   = 1.53e+02 W m-2
    F_rad^TOA   = -2.64e+01 W m-2
    F_rad^BOA   = 1.55e+01 W m-2
    F_rad^loss  = 41.89 W m-2
    F_chng^loss = 0.1456 %

    step 47
    dt_max,med  = 10.00000, 0.33731 days
    count_adj   = 9 layers
    dtmp_comp   = 6.164 K
    dtmp/tmp/dt = 0.241 day-1
    F_rad^OLR   = 1.53e+02 W m-2
    F_rad^TOA   = -2.62e+01 W m-2
    F_rad^BOA   = 1.57e+01 W m-2
    F_rad^loss  = 41.90 W m-2
    F_chng^loss = 0.0249 %

    step 48
    dt_max,med  = 10.00000, 0.35081 days
    count_adj   = 10 layers
    dtmp_comp   = 5.992 K
    dtmp/tmp/dt = 0.227 day-1
    F_rad^OLR   = 1.53e+02 W m-2
    F_rad^TOA   = -2.61e+01 W m-2
    F_rad^BOA   = 1.58e+01 W m-2
    F_rad^loss  = 41.87 W m-2
    F_chng^loss = 0.0924 %

    step 49
    dt_max,med  = 10.00000, 0.36484 days
    count_adj   = 11 layers
    dtmp_comp   = 5.797 K
    dtmp/tmp/dt = 0.214 day-1
    F_rad^OLR   = 1.53e+02 W m-2
    F_rad^TOA   = -2.59e+01 W m-2
    F_rad^BOA   = 1.59e+01 W m-2
    F_rad^loss  = 41.78 W m-2
    F_chng^loss = 0.2051 %

    step 50
    dt_max,med  = 10.00000, 0.37943 days
    count_adj   = 13 layers
    dtmp_comp   = 5.584 K
    dtmp/tmp/dt = 0.294 day-1
    F_rad^OLR   = 1.53e+02 W m-2
    F_rad^TOA   = -2.58e+01 W m-2
    F_rad^BOA   = 1.59e+01 W m-2
    F_rad^loss  = 41.65 W m-2
    F_chng^loss = 0.3139 %

    step 51
    dt_max,med  = 10.00000, 0.39461 days
    count_adj   = 20 layers
    dtmp_comp   = 5.382 K
    dtmp/tmp/dt = 0.277 day-1
    F_rad^OLR   = 1.53e+02 W m-2
    F_rad^TOA   = -2.56e+01 W m-2
    F_rad^BOA   = 1.58e+01 W m-2
    F_rad^loss  = 41.48 W m-2
    F_chng^loss = 0.4148 %

    step 52
    dt_max,med  = 10.00000, 0.41039 days
    count_adj   = 21 layers
    dtmp_comp   = 5.303 K
    dtmp/tmp/dt = 0.251 day-1
    F_rad^OLR   = 1.53e+02 W m-2
    F_rad^TOA   = -2.55e+01 W m-2
    F_rad^BOA   = 1.58e+01 W m-2
    F_rad^loss  = 41.26 W m-2
    F_chng^loss = 0.5112 %

    step 53
    dt_max,med  = 10.00000, 0.42681 days
    count_adj   = 20 layers
    dtmp_comp   = 5.292 K
    dtmp/tmp/dt = 0.226 day-1
    F_rad^OLR   = 1.54e+02 W m-2
    F_rad^TOA   = -2.53e+01 W m-2
    F_rad^BOA   = 1.57e+01 W m-2
    F_rad^loss  = 41.02 W m-2
    F_chng^loss = 0.6016 %

    step 54
    dt_max,med  = 10.00000, 0.44388 days
    count_adj   = 20 layers
    dtmp_comp   = 5.288 K
    dtmp/tmp/dt = 0.201 day-1
    F_rad^OLR   = 1.54e+02 W m-2
    F_rad^TOA   = -2.52e+01 W m-2
    F_rad^BOA   = 1.56e+01 W m-2
    F_rad^loss  = 40.73 W m-2
    F_chng^loss = 0.6875 %

    step 55
    dt_max,med  = 10.00000, 0.46164 days
    count_adj   = 20 layers
    dtmp_comp   = 5.263 K
    dtmp/tmp/dt = 0.179 day-1
    F_rad^OLR   = 1.54e+02 W m-2
    F_rad^TOA   = -2.50e+01 W m-2
    F_rad^BOA   = 1.54e+01 W m-2
    F_rad^loss  = 40.42 W m-2
    F_chng^loss = 0.7712 %

    step 56
    dt_max,med  = 10.00000, 0.48010 days
    count_adj   = 20 layers
    dtmp_comp   = 5.207 K
    dtmp/tmp/dt = 0.157 day-1
    F_rad^OLR   = 1.54e+02 W m-2
    F_rad^TOA   = -2.48e+01 W m-2
    F_rad^BOA   = 1.52e+01 W m-2
    F_rad^loss  = 40.08 W m-2
    F_chng^loss = 0.8457 %

    step 57
    dt_max,med  = 10.00000, 0.49931 days
    count_adj   = 20 layers
    dtmp_comp   = 5.133 K
    dtmp/tmp/dt = 0.138 day-1
    F_rad^OLR   = 1.54e+02 W m-2
    F_rad^TOA   = -2.47e+01 W m-2
    F_rad^BOA   = 1.50e+01 W m-2
    F_rad^loss  = 39.71 W m-2
    F_chng^loss = 0.9120 %

    step 58
    dt_max,med  = 10.00000, 0.42181 days
    count_adj   = 20 layers
    dtmp_comp   = 5.053 K
    dtmp/tmp/dt = 0.120 day-1
    F_rad^OLR   = 1.54e+02 W m-2
    F_rad^TOA   = -2.45e+01 W m-2
    F_rad^BOA   = 1.48e+01 W m-2
    F_rad^loss  = 39.32 W m-2
    F_chng^loss = 0.9746 %

    step 59
    dt_max,med  = 10.00000, 0.43868 days
    count_adj   = 20 layers
    dtmp_comp   = 4.968 K
    dtmp/tmp/dt = 0.105 day-1
    F_rad^OLR   = 1.55e+02 W m-2
    F_rad^TOA   = -2.43e+01 W m-2
    F_rad^BOA   = 1.46e+01 W m-2
    F_rad^loss  = 38.92 W m-2
    F_chng^loss = 1.0326 %

    step 60
    dt_max,med  = 10.00000, 0.45623 days
    count_adj   = 20 layers
    dtmp_comp   = 4.900 K
    dtmp/tmp/dt = 0.096 day-1
    F_rad^OLR   = 1.55e+02 W m-2
    F_rad^TOA   = -2.41e+01 W m-2
    F_rad^BOA   = 1.44e+01 W m-2
    F_rad^loss  = 38.49 W m-2
    F_chng^loss = 1.0899 %

    step 61
    dt_max,med  = 10.00000, 0.47448 days
    count_adj   = 20 layers
    dtmp_comp   = 4.872 K
    dtmp/tmp/dt = 0.089 day-1
    F_rad^OLR   = 1.55e+02 W m-2
    F_rad^TOA   = -2.40e+01 W m-2
    F_rad^BOA   = 1.41e+01 W m-2
    F_rad^loss  = 38.05 W m-2
    F_chng^loss = 1.1471 %

    step 62
    dt_max,med  = 10.00000, 0.49346 days
    count_adj   = 20 layers
    dtmp_comp   = 4.845 K
    dtmp/tmp/dt = 0.116 day-1
    F_rad^OLR   = 1.55e+02 W m-2
    F_rad^TOA   = -2.38e+01 W m-2
    F_rad^BOA   = 1.38e+01 W m-2
    F_rad^loss  = 37.60 W m-2
    F_chng^loss = 1.1987 %

    step 63
    dt_max,med  = 10.00000, 0.51320 days
    count_adj   = 20 layers
    dtmp_comp   = 4.786 K
    dtmp/tmp/dt = 0.106 day-1
    F_rad^OLR   = 1.55e+02 W m-2
    F_rad^TOA   = -2.36e+01 W m-2
    F_rad^BOA   = 1.36e+01 W m-2
    F_rad^loss  = 37.13 W m-2
    F_chng^loss = 1.2500 %

    step 64
    dt_max,med  = 10.00000, 0.26968 days
    count_adj   = 20 layers
    dtmp_comp   = 4.712 K
    dtmp/tmp/dt = 0.102 day-1
    F_rad^OLR   = 1.56e+02 W m-2
    F_rad^TOA   = -2.34e+01 W m-2
    F_rad^BOA   = 1.33e+01 W m-2
    F_rad^loss  = 36.64 W m-2
    F_chng^loss = 1.2997 %

    step 65
    dt_max,med  = 10.00000, 0.13413 days
    count_adj   = 20 layers
    dtmp_comp   = 4.636 K
    dtmp/tmp/dt = 0.121 day-1
    F_rad^OLR   = 1.56e+02 W m-2
    F_rad^TOA   = -2.32e+01 W m-2
    F_rad^BOA   = 1.30e+01 W m-2
    F_rad^loss  = 36.15 W m-2
    F_chng^loss = 1.3443 %

    step 66
    dt_max,med  = 10.00000, 0.13950 days
    count_adj   = 20 layers
    dtmp_comp   = 4.556 K
    dtmp/tmp/dt = 0.129 day-1
    F_rad^OLR   = 1.56e+02 W m-2
    F_rad^TOA   = -2.30e+01 W m-2
    F_rad^BOA   = 1.27e+01 W m-2
    F_rad^loss  = 35.65 W m-2
    F_chng^loss = 1.3977 %

    step 67
    dt_max,med  = 10.00000, 0.14508 days
    count_adj   = 20 layers
    dtmp_comp   = 4.467 K
    dtmp/tmp/dt = 0.112 day-1
    F_rad^OLR   = 1.56e+02 W m-2
    F_rad^TOA   = -2.27e+01 W m-2
    F_rad^BOA   = 1.24e+01 W m-2
    F_rad^loss  = 35.13 W m-2
    F_chng^loss = 1.4393 %

    step 68
    dt_max,med  = 10.00000, 0.15088 days
    count_adj   = 20 layers
    dtmp_comp   = 4.368 K
    dtmp/tmp/dt = 0.115 day-1
    F_rad^OLR   = 1.56e+02 W m-2
    F_rad^TOA   = -2.25e+01 W m-2
    F_rad^BOA   = 1.21e+01 W m-2
    F_rad^loss  = 34.62 W m-2
    F_chng^loss = 1.4754 %

    step 69
    dt_max,med  = 10.00000, 0.15692 days
    count_adj   = 20 layers
    dtmp_comp   = 4.265 K
    dtmp/tmp/dt = 0.117 day-1
    F_rad^OLR   = 1.57e+02 W m-2
    F_rad^TOA   = -2.23e+01 W m-2
    F_rad^BOA   = 1.18e+01 W m-2
    F_rad^loss  = 34.09 W m-2
    F_chng^loss = 1.5110 %

    step 70
    dt_max,med  = 10.00000, 0.16319 days
    count_adj   = 20 layers
    dtmp_comp   = 4.161 K
    dtmp/tmp/dt = 0.120 day-1
    F_rad^OLR   = 1.57e+02 W m-2
    F_rad^TOA   = -2.21e+01 W m-2
    F_rad^BOA   = 1.15e+01 W m-2
    F_rad^loss  = 33.57 W m-2
    F_chng^loss = 1.5429 %

    step 71
    dt_max,med  = 10.00000, 0.16972 days
    count_adj   = 20 layers
    dtmp_comp   = 4.075 K
    dtmp/tmp/dt = 0.121 day-1
    F_rad^OLR   = 1.57e+02 W m-2
    F_rad^TOA   = -2.19e+01 W m-2
    F_rad^BOA   = 1.12e+01 W m-2
    F_rad^loss  = 33.04 W m-2
    F_chng^loss = 1.5734 %

    step 72
    dt_max,med  = 10.00000, 0.17651 days
    count_adj   = 19 layers
    dtmp_comp   = 4.020 K
    dtmp/tmp/dt = 0.123 day-1
    F_rad^OLR   = 1.57e+02 W m-2
    F_rad^TOA   = -2.16e+01 W m-2
    F_rad^BOA   = 1.09e+01 W m-2
    F_rad^loss  = 32.51 W m-2
    F_chng^loss = 1.5914 %

    step 73
    dt_max,med  = 10.00000, 0.18357 days
    count_adj   = 19 layers
    dtmp_comp   = 3.956 K
    dtmp/tmp/dt = 0.124 day-1
    F_rad^OLR   = 1.57e+02 W m-2
    F_rad^TOA   = -2.14e+01 W m-2
    F_rad^BOA   = 1.06e+01 W m-2
    F_rad^loss  = 31.98 W m-2
    F_chng^loss = 1.6239 %

    step 74
    dt_max,med  = 10.00000, 0.19091 days
    count_adj   = 19 layers
    dtmp_comp   = 3.867 K
    dtmp/tmp/dt = 0.124 day-1
    F_rad^OLR   = 1.58e+02 W m-2
    F_rad^TOA   = -2.12e+01 W m-2
    F_rad^BOA   = 1.03e+01 W m-2
    F_rad^loss  = 31.45 W m-2
    F_chng^loss = 1.6562 %

    step 75
    dt_max,med  = 10.00000, 0.19855 days
    count_adj   = 19 layers
    dtmp_comp   = 3.772 K
    dtmp/tmp/dt = 0.124 day-1
    F_rad^OLR   = 1.58e+02 W m-2
    F_rad^TOA   = -2.09e+01 W m-2
    F_rad^BOA   = 9.98e+00 W m-2
    F_rad^loss  = 30.93 W m-2
    F_chng^loss = 1.6775 %

    step 76
    dt_max,med  = 10.00000, 0.20649 days
    count_adj   = 19 layers
    dtmp_comp   = 3.696 K
    dtmp/tmp/dt = 0.124 day-1
    F_rad^OLR   = 1.58e+02 W m-2
    F_rad^TOA   = -2.07e+01 W m-2
    F_rad^BOA   = 9.69e+00 W m-2
    F_rad^loss  = 30.40 W m-2
    F_chng^loss = 1.6974 %

    step 77
    dt_max,med  = 10.00000, 0.21475 days
    count_adj   = 19 layers
    dtmp_comp   = 3.685 K
    dtmp/tmp/dt = 0.124 day-1
    F_rad^OLR   = 1.58e+02 W m-2
    F_rad^TOA   = -2.05e+01 W m-2
    F_rad^BOA   = 9.41e+00 W m-2
    F_rad^loss  = 29.88 W m-2
    F_chng^loss = 1.7162 %

    step 78
    dt_max,med  = 10.00000, 0.22334 days
    count_adj   = 19 layers
    dtmp_comp   = 3.659 K
    dtmp/tmp/dt = 0.123 day-1
    F_rad^OLR   = 1.59e+02 W m-2
    F_rad^TOA   = -2.02e+01 W m-2
    F_rad^BOA   = 9.13e+00 W m-2
    F_rad^loss  = 29.36 W m-2
    F_chng^loss = 1.7351 %

    step 79
    dt_max,med  = 10.00000, 0.23228 days
    count_adj   = 19 layers
    dtmp_comp   = 3.629 K
    dtmp/tmp/dt = 0.122 day-1
    F_rad^OLR   = 1.59e+02 W m-2
    F_rad^TOA   = -2.00e+01 W m-2
    F_rad^BOA   = 8.86e+00 W m-2
    F_rad^loss  = 28.85 W m-2
    F_chng^loss = 1.7531 %

    step 80
    dt_max,med  = 10.00000, 0.24157 days
    count_adj   = 19 layers
    dtmp_comp   = 3.610 K
    dtmp/tmp/dt = 0.120 day-1
    F_rad^OLR   = 1.59e+02 W m-2
    F_rad^TOA   = -1.97e+01 W m-2
    F_rad^BOA   = 8.59e+00 W m-2
    F_rad^loss  = 28.34 W m-2
    F_chng^loss = 1.7709 %

    step 81
    dt_max,med  = 10.00000, 0.25123 days
    count_adj   = 19 layers
    dtmp_comp   = 3.610 K
    dtmp/tmp/dt = 0.119 day-1
    F_rad^OLR   = 1.59e+02 W m-2
    F_rad^TOA   = -1.95e+01 W m-2
    F_rad^BOA   = 8.33e+00 W m-2
    F_rad^loss  = 27.83 W m-2
    F_chng^loss = 1.7901 %

    step 82
    dt_max,med  = 10.00000, 0.26128 days
    count_adj   = 19 layers
    dtmp_comp   = 3.616 K
    dtmp/tmp/dt = 0.117 day-1
    F_rad^OLR   = 1.60e+02 W m-2
    F_rad^TOA   = -1.93e+01 W m-2
    F_rad^BOA   = 8.07e+00 W m-2
    F_rad^loss  = 27.33 W m-2
    F_chng^loss = 1.8073 %

    step 83
    dt_max,med  = 10.00000, 0.27173 days
    count_adj   = 20 layers
    dtmp_comp   = 3.611 K
    dtmp/tmp/dt = 0.115 day-1
    F_rad^OLR   = 1.60e+02 W m-2
    F_rad^TOA   = -1.90e+01 W m-2
    F_rad^BOA   = 7.82e+00 W m-2
    F_rad^loss  = 26.83 W m-2
    F_chng^loss = 1.8262 %

    step 84
    dt_max,med  = 10.00000, 0.28260 days
    count_adj   = 20 layers
    dtmp_comp   = 3.593 K
    dtmp/tmp/dt = 0.112 day-1
    F_rad^OLR   = 1.60e+02 W m-2
    F_rad^TOA   = -1.88e+01 W m-2
    F_rad^BOA   = 7.91e+00 W m-2
    F_rad^loss  = 26.67 W m-2
    F_chng^loss = 0.5856 %

    step 85
    dt_max,med  = 10.00000, 0.23803 days
    count_adj   = 20 layers
    dtmp_comp   = 3.568 K
    dtmp/tmp/dt = 0.110 day-1
    F_rad^OLR   = 1.60e+02 W m-2
    F_rad^TOA   = -1.85e+01 W m-2
    F_rad^BOA   = 8.09e+00 W m-2
    F_rad^loss  = 26.60 W m-2
    F_chng^loss = 0.2481 %

    step 86
    dt_max,med  = 10.00000, 0.24756 days
    count_adj   = 20 layers
    dtmp_comp   = 3.537 K
    dtmp/tmp/dt = 0.107 day-1
    F_rad^OLR   = 1.61e+02 W m-2
    F_rad^TOA   = -1.83e+01 W m-2
    F_rad^BOA   = 8.13e+00 W m-2
    F_rad^loss  = 26.38 W m-2
    F_chng^loss = 0.8294 %

    step 87
    dt_max,med  = 10.00000, 0.25746 days
    count_adj   = 20 layers
    dtmp_comp   = 3.499 K
    dtmp/tmp/dt = 0.104 day-1
    F_rad^OLR   = 1.61e+02 W m-2
    F_rad^TOA   = -1.80e+01 W m-2
    F_rad^BOA   = 8.04e+00 W m-2
    F_rad^loss  = 26.05 W m-2
    F_chng^loss = 1.2757 %

    step 88
    dt_max,med  = 10.00000, 0.26776 days
    count_adj   = 20 layers
    dtmp_comp   = 3.458 K
    dtmp/tmp/dt = 0.101 day-1
    F_rad^OLR   = 1.61e+02 W m-2
    F_rad^TOA   = -1.77e+01 W m-2
    F_rad^BOA   = 7.88e+00 W m-2
    F_rad^loss  = 25.63 W m-2
    F_chng^loss = 1.6122 %

    step 89
    dt_max,med  = 10.00000, 0.27847 days
    count_adj   = 20 layers
    dtmp_comp   = 3.416 K
    dtmp/tmp/dt = 0.099 day-1
    F_rad^OLR   = 1.61e+02 W m-2
    F_rad^TOA   = -1.75e+01 W m-2
    F_rad^BOA   = 7.66e+00 W m-2
    F_rad^loss  = 25.15 W m-2
    F_chng^loss = 1.8749 %

    step 90
    dt_max,med  = 10.00000, 0.28961 days
    count_adj   = 20 layers
    dtmp_comp   = 3.378 K
    dtmp/tmp/dt = 0.096 day-1
    F_rad^OLR   = 1.62e+02 W m-2
    F_rad^TOA   = -1.72e+01 W m-2
    F_rad^BOA   = 7.40e+00 W m-2
    F_rad^loss  = 24.63 W m-2
    F_chng^loss = 2.0648 %

    step 91
    dt_max,med  = 10.00000, 0.30119 days
    count_adj   = 20 layers
    dtmp_comp   = 3.349 K
    dtmp/tmp/dt = 0.211 day-1
    F_rad^OLR   = 1.62e+02 W m-2
    F_rad^TOA   = -1.70e+01 W m-2
    F_rad^BOA   = 7.12e+00 W m-2
    F_rad^loss  = 24.08 W m-2
    F_chng^loss = 2.2038 %

    step 92
    dt_max,med  = 10.00000, 0.31324 days
    count_adj   = 20 layers
    dtmp_comp   = 3.322 K
    dtmp/tmp/dt = 0.151 day-1
    F_rad^OLR   = 1.62e+02 W m-2
    F_rad^TOA   = -1.67e+01 W m-2
    F_rad^BOA   = 6.83e+00 W m-2
    F_rad^loss  = 23.53 W m-2
    F_chng^loss = 2.2923 %

    step 93
    dt_max,med  = 10.00000, 0.24931 days
    count_adj   = 20 layers
    dtmp_comp   = 3.287 K
    dtmp/tmp/dt = 0.110 day-1
    F_rad^OLR   = 1.62e+02 W m-2
    F_rad^TOA   = -1.64e+01 W m-2
    F_rad^BOA   = 6.53e+00 W m-2
    F_rad^loss  = 22.98 W m-2
    F_chng^loss = 2.3664 %

    step 94
    dt_max,med  = 10.00000, 0.25928 days
    count_adj   = 20 layers
    dtmp_comp   = 3.247 K
    dtmp/tmp/dt = 0.083 day-1
    F_rad^OLR   = 1.63e+02 W m-2
    F_rad^TOA   = -1.62e+01 W m-2
    F_rad^BOA   = 6.25e+00 W m-2
    F_rad^loss  = 22.42 W m-2
    F_chng^loss = 2.4145 %

    step 95
    dt_max,med  = 10.00000, 0.26965 days
    count_adj   = 20 layers
    dtmp_comp   = 3.209 K
    dtmp/tmp/dt = 0.079 day-1
    F_rad^OLR   = 1.63e+02 W m-2
    F_rad^TOA   = -1.59e+01 W m-2
    F_rad^BOA   = 5.96e+00 W m-2
    F_rad^loss  = 21.91 W m-2
    F_chng^loss = 2.2617 %

    step 96
    dt_max,med  = 10.00000, 0.28044 days
    count_adj   = 19 layers
    dtmp_comp   = 3.171 K
    dtmp/tmp/dt = 0.077 day-1
    F_rad^OLR   = 1.63e+02 W m-2
    F_rad^TOA   = -1.57e+01 W m-2
    F_rad^BOA   = 5.69e+00 W m-2
    F_rad^loss  = 21.43 W m-2
    F_chng^loss = 2.2084 %

    step 97
    dt_max,med  = 10.00000, 0.29165 days
    count_adj   = 19 layers
    dtmp_comp   = 3.132 K
    dtmp/tmp/dt = 0.073 day-1
    F_rad^OLR   = 1.63e+02 W m-2
    F_rad^TOA   = -1.55e+01 W m-2
    F_rad^BOA   = 5.44e+00 W m-2
    F_rad^loss  = 20.95 W m-2
    F_chng^loss = 2.2388 %

    step 98
    dt_max,med  = 10.00000, 0.30332 days
    count_adj   = 19 layers
    dtmp_comp   = 3.089 K
    dtmp/tmp/dt = 0.071 day-1
    F_rad^OLR   = 1.64e+02 W m-2
    F_rad^TOA   = -1.53e+01 W m-2
    F_rad^BOA   = 5.19e+00 W m-2
    F_rad^loss  = 20.50 W m-2
    F_chng^loss = 2.1454 %

    step 99
    dt_max,med  = 10.00000, 0.31545 days
    count_adj   = 19 layers
    dtmp_comp   = 3.042 K
    dtmp/tmp/dt = 0.066 day-1
    F_rad^OLR   = 1.64e+02 W m-2
    F_rad^TOA   = -1.51e+01 W m-2
    F_rad^BOA   = 4.95e+00 W m-2
    F_rad^loss  = 20.04 W m-2
    F_chng^loss = 2.2292 %

    step 100
    dt_max,med  = 10.00000, 0.32807 days
    count_adj   = 19 layers
    dtmp_comp   = 2.994 K
    dtmp/tmp/dt = 0.066 day-1
    F_rad^OLR   = 1.64e+02 W m-2
    F_rad^TOA   = -1.49e+01 W m-2
    F_rad^BOA   = 4.73e+00 W m-2
    F_rad^loss  = 19.64 W m-2
    F_chng^loss = 2.0337 %

    step 101
    dt_max,med  = 10.00000, 0.33463 days
    count_adj   = 19 layers
    dtmp_comp   = 2.947 K
    dtmp/tmp/dt = 0.058 day-1
    F_rad^OLR   = 1.64e+02 W m-2
    F_rad^TOA   = -1.47e+01 W m-2
    F_rad^BOA   = 4.52e+00 W m-2
    F_rad^loss  = 19.18 W m-2
    F_chng^loss = 2.3330 %

    step 102
    dt_max,med  = 10.00000, 0.34802 days
    count_adj   = 19 layers
    dtmp_comp   = 2.899 K
    dtmp/tmp/dt = 0.060 day-1
    F_rad^OLR   = 1.64e+02 W m-2
    F_rad^TOA   = -1.45e+01 W m-2
    F_rad^BOA   = 4.32e+00 W m-2
    F_rad^loss  = 18.80 W m-2
    F_chng^loss = 1.9649 %

    step 103
    dt_max,med  = 10.00000, 0.35484 days
    count_adj   = 19 layers
    dtmp_comp   = 2.850 K
    dtmp/tmp/dt = 0.052 day-1
    F_rad^OLR   = 1.65e+02 W m-2
    F_rad^TOA   = -1.43e+01 W m-2
    F_rad^BOA   = 4.13e+00 W m-2
    F_rad^loss  = 18.44 W m-2
    F_chng^loss = 1.9095 %

    step 104
    dt_max,med  = 10.00000, 0.35484 days
    count_adj   = 19 layers
    dtmp_comp   = 2.801 K
    dtmp/tmp/dt = 0.056 day-1
    F_rad^OLR   = 1.65e+02 W m-2
    F_rad^TOA   = -1.41e+01 W m-2
    F_rad^BOA   = 3.95e+00 W m-2
    F_rad^loss  = 18.08 W m-2
    F_chng^loss = 1.9625 %

    step 105
    dt_max,med  = 10.00000, 0.22684 days
    count_adj   = 19 layers
    dtmp_comp   = 2.755 K
    dtmp/tmp/dt = 0.050 day-1
    F_rad^OLR   = 1.65e+02 W m-2
    F_rad^TOA   = -1.40e+01 W m-2
    F_rad^BOA   = 3.78e+00 W m-2
    F_rad^loss  = 17.76 W m-2
    F_chng^loss = 1.7634 %

    step 106
    dt_max,med  = 10.00000, 0.23591 days
    count_adj   = 19 layers
    dtmp_comp   = 2.715 K
    dtmp/tmp/dt = 0.044 day-1
    F_rad^OLR   = 1.65e+02 W m-2
    F_rad^TOA   = -1.39e+01 W m-2
    F_rad^BOA   = 3.61e+00 W m-2
    F_rad^loss  = 17.49 W m-2
    F_chng^loss = 1.5123 %

    step 107
    dt_max,med  = 10.00000, 0.09566 days
    count_adj   = 19 layers
    dtmp_comp   = 2.686 K
    dtmp/tmp/dt = 0.039 day-1
    F_rad^OLR   = 1.65e+02 W m-2
    F_rad^TOA   = -1.38e+01 W m-2
    F_rad^BOA   = 3.46e+00 W m-2
    F_rad^loss  = 17.23 W m-2
    F_chng^loss = 1.4952 %

    step 108
    dt_max,med  = 10.00000, 0.09949 days
    count_adj   = 18 layers
    dtmp_comp   = 2.660 K
    dtmp/tmp/dt = 0.034 day-1
    F_rad^OLR   = 1.65e+02 W m-2
    F_rad^TOA   = -1.37e+01 W m-2
    F_rad^BOA   = 3.31e+00 W m-2
    F_rad^loss  = 16.98 W m-2
    F_chng^loss = 1.4788 %

    step 109
    dt_max,med  = 10.00000, 0.10346 days
    count_adj   = 18 layers
    dtmp_comp   = 2.628 K
    dtmp/tmp/dt = 0.031 day-1
    F_rad^OLR   = 1.65e+02 W m-2
    F_rad^TOA   = -1.36e+01 W m-2
    F_rad^BOA   = 3.17e+00 W m-2
    F_rad^loss  = 16.73 W m-2
    F_chng^loss = 1.4496 %

    step 110
    dt_max,med  = 10.00000, 0.10760 days
    count_adj   = 18 layers
    dtmp_comp   = 2.613 K
    dtmp/tmp/dt = 0.028 day-1
    F_rad^OLR   = 1.65e+02 W m-2
    F_rad^TOA   = -1.35e+01 W m-2
    F_rad^BOA   = 3.03e+00 W m-2
    F_rad^loss  = 16.49 W m-2
    F_chng^loss = 1.4296 %

    step 111
    dt_max,med  = 10.00000, 0.11191 days
    count_adj   = 18 layers
    dtmp_comp   = 2.612 K
    dtmp/tmp/dt = 0.025 day-1
    F_rad^OLR   = 1.66e+02 W m-2
    F_rad^TOA   = -1.34e+01 W m-2
    F_rad^BOA   = 2.90e+00 W m-2
    F_rad^loss  = 16.26 W m-2
    F_chng^loss = 1.3968 %

    step 112
    dt_max,med  = 10.00000, 0.11638 days
    count_adj   = 18 layers
    dtmp_comp   = 2.609 K
    dtmp/tmp/dt = 0.022 day-1
    F_rad^OLR   = 1.66e+02 W m-2
    F_rad^TOA   = -1.33e+01 W m-2
    F_rad^BOA   = 2.78e+00 W m-2
    F_rad^loss  = 16.04 W m-2
    F_chng^loss = 1.3786 %

    step 113
    dt_max,med  = 10.00000, 0.12104 days
    count_adj   = 18 layers
    dtmp_comp   = 2.602 K
    dtmp/tmp/dt = 0.020 day-1
    F_rad^OLR   = 1.66e+02 W m-2
    F_rad^TOA   = -1.32e+01 W m-2
    F_rad^BOA   = 2.66e+00 W m-2
    F_rad^loss  = 15.82 W m-2
    F_chng^loss = 1.3419 %

    step 114
    dt_max,med  = 10.00000, 0.12588 days
    count_adj   = 18 layers
    dtmp_comp   = 2.593 K
    dtmp/tmp/dt = 0.018 day-1
    F_rad^OLR   = 1.66e+02 W m-2
    F_rad^TOA   = -1.31e+01 W m-2
    F_rad^BOA   = 2.55e+00 W m-2
    F_rad^loss  = 15.61 W m-2
    F_chng^loss = 1.3316 %

    step 115
    dt_max,med  = 10.00000, 0.13092 days
    count_adj   = 18 layers
    dtmp_comp   = 2.585 K
    dtmp/tmp/dt = 0.017 day-1
    F_rad^OLR   = 1.66e+02 W m-2
    F_rad^TOA   = -1.30e+01 W m-2
    F_rad^BOA   = 2.45e+00 W m-2
    F_rad^loss  = 15.41 W m-2
    F_chng^loss = 1.2850 %

    step 116
    dt_max,med  = 10.00000, 0.13615 days
    count_adj   = 18 layers
    dtmp_comp   = 2.576 K
    dtmp/tmp/dt = 0.021 day-1
    F_rad^OLR   = 1.66e+02 W m-2
    F_rad^TOA   = -1.29e+01 W m-2
    F_rad^BOA   = 2.34e+00 W m-2
    F_rad^loss  = 15.21 W m-2
    F_chng^loss = 1.2958 %

    step 117
    dt_max,med  = 10.00000, 0.10310 days
    count_adj   = 18 layers
    dtmp_comp   = 2.566 K
    dtmp/tmp/dt = 0.021 day-1
    F_rad^OLR   = 1.66e+02 W m-2
    F_rad^TOA   = -1.28e+01 W m-2
    F_rad^BOA   = 2.25e+00 W m-2
    F_rad^loss  = 15.02 W m-2
    F_chng^loss = 1.2254 %

    step 118
    dt_max,med  = 10.00000, 0.10723 days
    count_adj   = 18 layers
    dtmp_comp   = 2.554 K
    dtmp/tmp/dt = 0.021 day-1
    F_rad^OLR   = 1.66e+02 W m-2
    F_rad^TOA   = -1.27e+01 W m-2
    F_rad^BOA   = 2.15e+00 W m-2
    F_rad^loss  = 14.84 W m-2
    F_chng^loss = 1.1902 %

    step 119
    dt_max,med  = 10.00000, 0.11152 days
    count_adj   = 18 layers
    dtmp_comp   = 2.544 K
    dtmp/tmp/dt = 0.022 day-1
    F_rad^OLR   = 1.66e+02 W m-2
    F_rad^TOA   = -1.26e+01 W m-2
    F_rad^BOA   = 2.06e+00 W m-2
    F_rad^loss  = 14.67 W m-2
    F_chng^loss = 1.1587 %

    step 120
    dt_max,med  = 10.00000, 0.11598 days
    count_adj   = 18 layers
    dtmp_comp   = 2.535 K
    dtmp/tmp/dt = 0.021 day-1
    F_rad^OLR   = 1.66e+02 W m-2
    F_rad^TOA   = -1.25e+01 W m-2
    F_rad^BOA   = 1.98e+00 W m-2
    F_rad^loss  = 14.51 W m-2
    F_chng^loss = 1.1299 %

    step 121
    dt_max,med  = 10.00000, 0.12062 days
    count_adj   = 18 layers
    dtmp_comp   = 2.522 K
    dtmp/tmp/dt = 0.021 day-1
    F_rad^OLR   = 1.66e+02 W m-2
    F_rad^TOA   = -1.24e+01 W m-2
    F_rad^BOA   = 1.90e+00 W m-2
    F_rad^loss  = 14.35 W m-2
    F_chng^loss = 1.1026 %

    step 122
    dt_max,med  = 10.00000, 0.12544 days
    count_adj   = 18 layers
    dtmp_comp   = 2.503 K
    dtmp/tmp/dt = 0.021 day-1
    F_rad^OLR   = 1.67e+02 W m-2
    F_rad^TOA   = -1.24e+01 W m-2
    F_rad^BOA   = 1.82e+00 W m-2
    F_rad^loss  = 14.19 W m-2
    F_chng^loss = 1.0776 %

    step 123
    dt_max,med  = 10.00000, 0.13046 days
    count_adj   = 18 layers
    dtmp_comp   = 2.480 K
    dtmp/tmp/dt = 0.020 day-1
    F_rad^OLR   = 1.67e+02 W m-2
    F_rad^TOA   = -1.23e+01 W m-2
    F_rad^BOA   = 1.75e+00 W m-2
    F_rad^loss  = 14.04 W m-2
    F_chng^loss = 1.0528 %

    step 124
    dt_max,med  = 10.00000, 0.13568 days
    count_adj   = 18 layers
    dtmp_comp   = 2.454 K
    dtmp/tmp/dt = 0.019 day-1
    F_rad^OLR   = 1.67e+02 W m-2
    F_rad^TOA   = -1.22e+01 W m-2
    F_rad^BOA   = 1.67e+00 W m-2
    F_rad^loss  = 13.90 W m-2
    F_chng^loss = 1.0331 %

    step 125
    dt_max,med  = 10.00000, 0.14110 days
    count_adj   = 18 layers
    dtmp_comp   = 2.424 K
    dtmp/tmp/dt = 0.017 day-1
    F_rad^OLR   = 1.67e+02 W m-2
    F_rad^TOA   = -1.22e+01 W m-2
    F_rad^BOA   = 1.61e+00 W m-2
    F_rad^loss  = 13.76 W m-2
    F_chng^loss = 1.0145 %

    step 126
    dt_max,med  = 10.00000, 0.14675 days
    count_adj   = 17 layers
    dtmp_comp   = 2.394 K
    dtmp/tmp/dt = 0.016 day-1
    F_rad^OLR   = 1.67e+02 W m-2
    F_rad^TOA   = -1.21e+01 W m-2
    F_rad^BOA   = 1.54e+00 W m-2
    F_rad^loss  = 13.62 W m-2
    F_chng^loss = 0.9924 %

    step 127
    dt_max,med  = 10.00000, 0.15262 days
    count_adj   = 18 layers
    dtmp_comp   = 2.366 K
    dtmp/tmp/dt = 0.015 day-1
    F_rad^OLR   = 1.67e+02 W m-2
    F_rad^TOA   = -1.20e+01 W m-2
    F_rad^BOA   = 1.48e+00 W m-2
    F_rad^loss  = 13.49 W m-2
    F_chng^loss = 0.9810 %

    step 128
    dt_max,med  = 10.00000, 0.15872 days
    count_adj   = 18 layers
    dtmp_comp   = 2.339 K
    dtmp/tmp/dt = 0.015 day-1
    F_rad^OLR   = 1.67e+02 W m-2
    F_rad^TOA   = -1.19e+01 W m-2
    F_rad^BOA   = 1.42e+00 W m-2
    F_rad^loss  = 13.36 W m-2
    F_chng^loss = 0.9572 %

    step 129
    dt_max,med  = 10.00000, 0.16507 days
    count_adj   = 18 layers
    dtmp_comp   = 2.314 K
    dtmp/tmp/dt = 0.015 day-1
    F_rad^OLR   = 1.67e+02 W m-2
    F_rad^TOA   = -1.19e+01 W m-2
    F_rad^BOA   = 1.36e+00 W m-2
    F_rad^loss  = 13.23 W m-2
    F_chng^loss = 0.9366 %

    step 130
    dt_max,med  = 10.00000, 0.17167 days
    count_adj   = 18 layers
    dtmp_comp   = 2.290 K
    dtmp/tmp/dt = 0.015 day-1
    F_rad^OLR   = 1.67e+02 W m-2
    F_rad^TOA   = -1.18e+01 W m-2
    F_rad^BOA   = 1.30e+00 W m-2
    F_rad^loss  = 13.11 W m-2
    F_chng^loss = 0.9169 %

    step 131
    dt_max,med  = 10.00000, 0.17854 days
    count_adj   = 18 layers
    dtmp_comp   = 2.265 K
    dtmp/tmp/dt = 0.015 day-1
    F_rad^OLR   = 1.67e+02 W m-2
    F_rad^TOA   = -1.17e+01 W m-2
    F_rad^BOA   = 1.25e+00 W m-2
    F_rad^loss  = 12.99 W m-2
    F_chng^loss = 0.9046 %

    step 132
    dt_max,med  = 10.00000, 0.18568 days
    count_adj   = 18 layers
    dtmp_comp   = 2.240 K
    dtmp/tmp/dt = 0.014 day-1
    F_rad^OLR   = 1.67e+02 W m-2
    F_rad^TOA   = -1.17e+01 W m-2
    F_rad^BOA   = 1.25e+00 W m-2
    F_rad^loss  = 12.93 W m-2
    F_chng^loss = 0.4946 %

    step 133
    dt_max,med  = 10.00000, 0.19311 days
    count_adj   = 18 layers
    dtmp_comp   = 2.215 K
    dtmp/tmp/dt = 0.014 day-1
    F_rad^OLR   = 1.67e+02 W m-2
    F_rad^TOA   = -1.16e+01 W m-2
    F_rad^BOA   = 1.25e+00 W m-2
    F_rad^loss  = 12.86 W m-2
    F_chng^loss = 0.5193 %

    step 134
    dt_max,med  = 10.00000, 0.20083 days
    count_adj   = 18 layers
    dtmp_comp   = 2.188 K
    dtmp/tmp/dt = 0.014 day-1
    F_rad^OLR   = 1.67e+02 W m-2
    F_rad^TOA   = -1.15e+01 W m-2
    F_rad^BOA   = 1.25e+00 W m-2
    F_rad^loss  = 12.80 W m-2
    F_chng^loss = 0.4997 %

    step 135
    dt_max,med  = 10.00000, 0.20887 days
    count_adj   = 18 layers
    dtmp_comp   = 2.160 K
    dtmp/tmp/dt = 0.014 day-1
    F_rad^OLR   = 1.67e+02 W m-2
    F_rad^TOA   = -1.15e+01 W m-2
    F_rad^BOA   = 1.25e+00 W m-2
    F_rad^loss  = 12.73 W m-2
    F_chng^loss = 0.5149 %

    step 136
    dt_max,med  = 10.00000, 0.21722 days
    count_adj   = 18 layers
    dtmp_comp   = 2.132 K
    dtmp/tmp/dt = 0.025 day-1
    F_rad^OLR   = 1.67e+02 W m-2
    F_rad^TOA   = -1.14e+01 W m-2
    F_rad^BOA   = 1.25e+00 W m-2
    F_rad^loss  = 12.67 W m-2
    F_chng^loss = 0.5039 %

    step 137
    dt_max,med  = 10.00000, 0.22591 days
    count_adj   = 18 layers
    dtmp_comp   = 2.103 K
    dtmp/tmp/dt = 0.022 day-1
    F_rad^OLR   = 1.68e+02 W m-2
    F_rad^TOA   = -1.14e+01 W m-2
    F_rad^BOA   = 1.25e+00 W m-2
    F_rad^loss  = 12.60 W m-2
    F_chng^loss = 0.5119 %

    step 138
    dt_max,med  = 10.00000, 0.23495 days
    count_adj   = 18 layers
    dtmp_comp   = 2.075 K
    dtmp/tmp/dt = 0.020 day-1
    F_rad^OLR   = 1.68e+02 W m-2
    F_rad^TOA   = -1.13e+01 W m-2
    F_rad^BOA   = 1.25e+00 W m-2
    F_rad^loss  = 12.54 W m-2
    F_chng^loss = 0.5043 %

    step 139
    dt_max,med  = 10.00000, 0.24435 days
    count_adj   = 18 layers
    dtmp_comp   = 2.054 K
    dtmp/tmp/dt = 0.018 day-1
    F_rad^OLR   = 1.68e+02 W m-2
    F_rad^TOA   = -1.12e+01 W m-2
    F_rad^BOA   = 1.24e+00 W m-2
    F_rad^loss  = 12.47 W m-2
    F_chng^loss = 0.5089 %

    step 140
    dt_max,med  = 10.00000, 0.25412 days
    count_adj   = 18 layers
    dtmp_comp   = 2.035 K
    dtmp/tmp/dt = 0.016 day-1
    F_rad^OLR   = 1.68e+02 W m-2
    F_rad^TOA   = -1.12e+01 W m-2
    F_rad^BOA   = 1.24e+00 W m-2
    F_rad^loss  = 12.41 W m-2
    F_chng^loss = 0.5033 %

    step 141
    dt_max,med  = 10.00000, 0.26428 days
    count_adj   = 18 layers
    dtmp_comp   = 2.012 K
    dtmp/tmp/dt = 0.014 day-1
    F_rad^OLR   = 1.68e+02 W m-2
    F_rad^TOA   = -1.11e+01 W m-2
    F_rad^BOA   = 1.24e+00 W m-2
    F_rad^loss  = 12.35 W m-2
    F_chng^loss = 0.5065 %

    step 142
    dt_max,med  = 10.00000, 0.27486 days
    count_adj   = 18 layers
    dtmp_comp   = 1.987 K
    dtmp/tmp/dt = 0.012 day-1
    F_rad^OLR   = 1.68e+02 W m-2
    F_rad^TOA   = -1.10e+01 W m-2
    F_rad^BOA   = 1.24e+00 W m-2
    F_rad^loss  = 12.29 W m-2
    F_chng^loss = 0.5013 %

    step 143
    dt_max,med  = 10.00000, 0.28585 days
    count_adj   = 18 layers
    dtmp_comp   = 1.964 K
    dtmp/tmp/dt = 0.038 day-1
    F_rad^OLR   = 1.68e+02 W m-2
    F_rad^TOA   = -1.10e+01 W m-2
    F_rad^BOA   = 1.24e+00 W m-2
    F_rad^loss  = 12.23 W m-2
    F_chng^loss = 0.5040 %

    step 144
    dt_max,med  = 10.00000, 0.29728 days
    count_adj   = 18 layers
    dtmp_comp   = 1.943 K
    dtmp/tmp/dt = 0.038 day-1
    F_rad^OLR   = 1.68e+02 W m-2
    F_rad^TOA   = -1.09e+01 W m-2
    F_rad^BOA   = 1.24e+00 W m-2
    F_rad^loss  = 12.16 W m-2
    F_chng^loss = 0.4973 %

    step 145
    dt_max,med  = 10.00000, 0.30918 days
    count_adj   = 18 layers
    dtmp_comp   = 1.920 K
    dtmp/tmp/dt = 0.038 day-1
    F_rad^OLR   = 1.68e+02 W m-2
    F_rad^TOA   = -1.09e+01 W m-2
    F_rad^BOA   = 1.24e+00 W m-2
    F_rad^loss  = 12.10 W m-2
    F_chng^loss = 0.5033 %

    step 146
    dt_max,med  = 10.00000, 0.32154 days
    count_adj   = 18 layers
    dtmp_comp   = 1.895 K
    dtmp/tmp/dt = 0.037 day-1
    F_rad^OLR   = 1.68e+02 W m-2
    F_rad^TOA   = -1.08e+01 W m-2
    F_rad^BOA   = 1.24e+00 W m-2
    F_rad^loss  = 12.04 W m-2
    F_chng^loss = 0.4895 %

    step 147
    dt_max,med  = 10.00000, 0.33440 days
    count_adj   = 18 layers
    dtmp_comp   = 1.869 K
    dtmp/tmp/dt = 0.037 day-1
    F_rad^OLR   = 1.68e+02 W m-2
    F_rad^TOA   = -1.07e+01 W m-2
    F_rad^BOA   = 1.23e+00 W m-2
    F_rad^loss  = 11.98 W m-2
    F_chng^loss = 0.5096 %

    step 148
    dt_max,med  = 10.00000, 0.28167 days
    count_adj   = 18 layers
    dtmp_comp   = 1.843 K
    dtmp/tmp/dt = 0.037 day-1
    F_rad^OLR   = 1.68e+02 W m-2
    F_rad^TOA   = -1.07e+01 W m-2
    F_rad^BOA   = 1.23e+00 W m-2
    F_rad^loss  = 11.92 W m-2
    F_chng^loss = 0.4818 %

    step 149
    dt_max,med  = 10.00000, 0.29294 days
    count_adj   = 18 layers
    dtmp_comp   = 1.838 K
    dtmp/tmp/dt = 0.036 day-1
    F_rad^OLR   = 1.68e+02 W m-2
    F_rad^TOA   = -1.06e+01 W m-2
    F_rad^BOA   = 1.23e+00 W m-2
    F_rad^loss  = 11.87 W m-2
    F_chng^loss = 0.4737 %

RCSolver: Convergence criteria met (150 iterations)

RCSolver: Final radiative fluxes [W m-2]
    OLR   = 1.68e+02 W m-2
    TOA   = -1.06e+01 W m-2
    BOA   = 1.23e+00 W m-2
    loss  = 11.87 W m-2
WARNING: TOA and BOA radiative fluxes have different signs
Atmosphere: Making animation
Atmosphere: Making plots
Atmosphere: dellocating arrays
Runtime: 129.03921794891357 seconds
Goodbye
